{
  "stats": {
    "suites": 1,
    "tests": 1,
    "passes": 1,
    "pending": 0,
    "failures": 0,
    "start": "2021-03-03T06:30:24.060Z",
    "end": "2021-03-03T06:30:30.088Z",
    "duration": 6028,
    "testsRegistered": 1,
    "passPercent": 100,
    "pendingPercent": 0,
    "other": 0,
    "hasOther": false,
    "skipped": 0,
    "hasSkipped": false
  },
  "results": [
    {
      "uuid": "7953a5d2-48d7-4607-8a98-34853bedf0ef",
      "title": "",
      "fullFile": "cypress\\integration\\ValetParking1day.feature",
      "file": "cypress\\integration\\ValetParking1day.feature",
      "beforeHooks": [],
      "afterHooks": [],
      "tests": [],
      "suites": [
        {
          "uuid": "628b5933-b06c-44da-8d27-825827ab8ca3",
          "title": "I want to checkin for a Valet Parking for 1 day",
          "fullFile": "",
          "file": "",
          "beforeHooks": [],
          "afterHooks": [],
          "tests": [
            {
              "title": "Valet Parking for 1 day",
              "fullTitle": "I want to checkin for a Valet Parking for 1 day Valet Parking for 1 day",
              "timedOut": null,
              "duration": 5954,
              "state": "passed",
              "speed": "slow",
              "pass": true,
              "fail": false,
              "pending": false,
              "context": null,
              "code": "const state = window.testState;\nreturn cy\n  .then(() => state.onStartScenario(scenario, indexedSteps))\n  .then(() =>\n    resolveAndRunBeforeHooks.call(this, scenario.tags, state.feature.name)\n  )\n  .then(() =>\n    indexedSteps.forEach((step) =>\n      stepTest.call(this, state, step, rowData)\n    )\n  )\n  .then(() =>\n    resolveAndRunAfterHooks.call(this, scenario.tags, state.feature.name)\n  )\n  .then(() => state.onFinishScenario(scenario));",
              "err": {},
              "uuid": "33ef4972-260b-4526-85b1-6c37033270fb",
              "parentUUID": "628b5933-b06c-44da-8d27-825827ab8ca3",
              "isHook": false,
              "skipped": false
            }
          ],
          "suites": [],
          "passes": [
            "33ef4972-260b-4526-85b1-6c37033270fb"
          ],
          "failures": [],
          "pending": [],
          "skipped": [],
          "duration": 5954,
          "root": false,
          "rootEmpty": false,
          "_timeout": 2000
        }
      ],
      "passes": [],
      "failures": [],
      "pending": [],
      "skipped": [],
      "duration": 0,
      "root": true,
      "rootEmpty": true,
      "_timeout": 2000
    }
  ],
  "meta": {
    "mocha": {
      "version": "7.0.1"
    },
    "mochawesome": {
      "options": {
        "quiet": false,
        "reportFilename": "mochawesome",
        "saveHtml": false,
        "saveJson": true,
        "consoleReporter": "spec",
        "useInlineDiffs": false,
        "code": true
      },
      "version": "6.2.2"
    },
    "marge": {
      "options": {
        "id": "default",
        "reportDir": "cypress/reports/mocha",
        "quite": true,
        "overwrite": false,
        "html": false,
        "json": true
      },
      "version": "5.2.0"
    }
  }
}