{
  "stats": {
    "suites": 1,
    "tests": 1,
    "passes": 1,
    "pending": 0,
    "failures": 0,
    "start": "2021-03-03T03:06:09.861Z",
    "end": "2021-03-03T03:06:19.344Z",
    "duration": 9483,
    "testsRegistered": 1,
    "passPercent": 100,
    "pendingPercent": 0,
    "other": 0,
    "hasOther": false,
    "skipped": 0,
    "hasSkipped": false
  },
  "results": [
    {
      "uuid": "26d69d41-2bb4-4f5f-85ea-794e5a0673f5",
      "title": "",
      "fullFile": "cypress\\integration\\ValetParking5hrs.feature",
      "file": "cypress\\integration\\ValetParking5hrs.feature",
      "beforeHooks": [],
      "afterHooks": [],
      "tests": [],
      "suites": [
        {
          "uuid": "33bdf56b-43a0-44ea-8ee2-7b92fedf8f46",
          "title": "I want to checkin for a Valet Parking for 5 hrs",
          "fullFile": "",
          "file": "",
          "beforeHooks": [],
          "afterHooks": [],
          "tests": [
            {
              "title": "Valet Parking for 5 hours",
              "fullTitle": "I want to checkin for a Valet Parking for 5 hrs Valet Parking for 5 hours",
              "timedOut": null,
              "duration": 6040,
              "state": "passed",
              "speed": "slow",
              "pass": true,
              "fail": false,
              "pending": false,
              "context": null,
              "code": "const state = window.testState;\nreturn cy\n  .then(() => state.onStartScenario(scenario, indexedSteps))\n  .then(() =>\n    resolveAndRunBeforeHooks.call(this, scenario.tags, state.feature.name)\n  )\n  .then(() =>\n    indexedSteps.forEach((step) =>\n      stepTest.call(this, state, step, rowData)\n    )\n  )\n  .then(() =>\n    resolveAndRunAfterHooks.call(this, scenario.tags, state.feature.name)\n  )\n  .then(() => state.onFinishScenario(scenario));",
              "err": {},
              "uuid": "ca25e4fc-489a-4e03-a16f-b969bc1bdc71",
              "parentUUID": "33bdf56b-43a0-44ea-8ee2-7b92fedf8f46",
              "isHook": false,
              "skipped": false
            }
          ],
          "suites": [],
          "passes": [
            "ca25e4fc-489a-4e03-a16f-b969bc1bdc71"
          ],
          "failures": [],
          "pending": [],
          "skipped": [],
          "duration": 6040,
          "root": false,
          "rootEmpty": false,
          "_timeout": 2000
        }
      ],
      "passes": [],
      "failures": [],
      "pending": [],
      "skipped": [],
      "duration": 0,
      "root": true,
      "rootEmpty": true,
      "_timeout": 2000
    }
  ],
  "meta": {
    "mocha": {
      "version": "7.0.1"
    },
    "mochawesome": {
      "options": {
        "quiet": false,
        "reportFilename": "mochawesome",
        "saveHtml": true,
        "saveJson": true,
        "consoleReporter": "spec",
        "useInlineDiffs": false,
        "code": true
      },
      "version": "6.2.2"
    },
    "marge": {
      "options": {
        "id": "default"
      },
      "version": "5.2.0"
    }
  }
}